<?xml version="1.0" encoding="UTF-8"?>
<testng-results ignored="0" total="1" passed="1" failed="0" skipped="0">
  <reporter-output>
  </reporter-output>
  <suite started-at="2024-06-09T19:20:19Z" name="Surefire suite" finished-at="2024-06-09T19:20:19Z" duration-ms="48">
    <groups>
    </groups>
    <test started-at="2024-06-09T19:20:19Z" name="Surefire test" finished-at="2024-06-09T19:20:19Z" duration-ms="48">
      <class name="testMaven.MavenTest.AppTest">
        <test-method signature="testApp()" started-at="2024-06-09T19:20:19Z" name="testApp" finished-at="2024-06-09T19:20:19Z" duration-ms="15" status="PASS">
          <reporter-output>
          </reporter-output>
        </test-method> <!-- testApp -->
      </class> <!-- testMaven.MavenTest.AppTest -->
    </test> <!-- Surefire test -->
  </suite> <!-- Surefire suite -->
</testng-results>
